Log file open, 04/25/18 13:29:55
LogWindows: Failed to load 'aqProf.dll' (GetLastError=126)
LogWindows: File 'aqProf.dll' does not exist
LogWindows: Failed to load 'VtuneApi.dll' (GetLastError=126)
LogWindows: File 'VtuneApi.dll' does not exist
LogWindows: Failed to load 'VtuneApi32e.dll' (GetLastError=126)
LogWindows: File 'VtuneApi32e.dll' does not exist
LogInit: Display: Running engine for game: MyProject
LogPlatformFile: Not using cached read wrapper
LogInit: Display: RandInit(-772518351) SRandInit(-772518351).
LogInit: Read version file with build ID '3944462'
LogInit: Overriding engine version to CL 3989454, compatible CL 3944462
LogInit: Registered custom module enumerator with build ID '3944462'
LogTaskGraph: Started task graph with 5 named threads and 23 total threads with 3 sets of task threads.
LogStats: Stats thread started at 0.256418
LogD3D11RHI: Aftermath initialized
LogICUInternationalization: Display: ICU TimeZone Detection - Raw Offset: +1:00, Platform Override: ''
LogPluginManager: Mounting plugin Paper2D
LogPluginManager: Mounting plugin LiveLink
LogPluginManager: Mounting plugin LightPropagationVolume
LogPluginManager: Mounting plugin CLionSourceCodeAccess
LogPluginManager: Mounting plugin CodeLiteSourceCodeAccess
LogPluginManager: Mounting plugin GitSourceControl
LogPluginManager: Mounting plugin KDevelopSourceCodeAccess
LogPluginManager: Mounting plugin NullSourceCodeAccess
LogPluginManager: Mounting plugin PerforceSourceControl
LogPluginManager: Mounting plugin SubversionSourceControl
LogPluginManager: Mounting plugin UObjectPlugin
LogPluginManager: Mounting plugin VisualStudioCodeSourceCodeAccess
LogPluginManager: Mounting plugin VisualStudioSourceCodeAccess
LogPluginManager: Mounting plugin XCodeSourceCodeAccess
LogPluginManager: Mounting plugin AssetManagerEditor
LogPluginManager: Mounting plugin CryptoKeys
LogPluginManager: Mounting plugin DataValidation
LogPluginManager: Mounting plugin FacialAnimation
LogPluginManager: Mounting plugin GameplayTagsEditor
LogPluginManager: Mounting plugin MobileLauncherProfileWizard
LogPluginManager: Mounting plugin PluginBrowser
LogPluginManager: Mounting plugin SpeedTreeImporter
LogPluginManager: Mounting plugin DatasmithContent
LogPluginManager: Mounting plugin AlembicImporter
LogPluginManager: Mounting plugin CharacterAI
LogPluginManager: Mounting plugin HTML5Networking
LogPluginManager: Mounting plugin AndroidMedia
LogPluginManager: Mounting plugin AvfMedia
LogPluginManager: Mounting plugin ImgMedia
LogPluginManager: Mounting plugin LinearTimecode
LogPluginManager: Mounting plugin MediaCompositing
LogPluginManager: Mounting plugin MediaPlayerEditor
LogPluginManager: Mounting plugin WmfMedia
LogPluginManager: Mounting plugin TcpMessaging
LogPluginManager: Mounting plugin UdpMessaging
LogPluginManager: Mounting plugin ActorSequence
LogPluginManager: Mounting plugin LevelSequenceEditor
LogPluginManager: Mounting plugin MatineeToLevelSequence
LogPluginManager: Mounting plugin NetcodeUnitTest
LogPluginManager: Mounting plugin NUTUnrealEngine4
LogPluginManager: Mounting plugin OnlineSubsystemGooglePlay
LogPluginManager: Mounting plugin OnlineSubsystemIOS
LogPluginManager: Mounting plugin OnlineSubsystem
LogPluginManager: Mounting plugin OnlineSubsystemNull
LogPluginManager: Mounting plugin OnlineSubsystemUtils
LogPluginManager: Mounting plugin AndroidDeviceProfileSelector
LogPluginManager: Mounting plugin AndroidMoviePlayer
LogPluginManager: Mounting plugin AndroidPermission
LogPluginManager: Mounting plugin AppleARKit
LogPluginManager: Mounting plugin AppleMoviePlayer
LogPluginManager: Mounting plugin ArchVisCharacter
LogPluginManager: Mounting plugin AudioCapture
LogPluginManager: Mounting plugin CableComponent
LogPluginManager: Mounting plugin CustomMeshComponent
LogPluginManager: Mounting plugin ExampleDeviceProfileSelector
LogPluginManager: Mounting plugin GoogleCloudMessaging
LogPluginManager: Mounting plugin ImmediatePhysics
LogPluginManager: Mounting plugin IOSDeviceProfileSelector
LogPluginManager: Mounting plugin LinuxDeviceProfileSelector
LogPluginManager: Mounting plugin LocationServicesBPLibrary
LogPluginManager: Mounting plugin MobilePatchingUtils
LogPluginManager: Mounting plugin OculusVR
LogPluginManager: Plugin shader directory ../../../Engine/Plugins/Runtime/Oculus/OculusVR/Shaders found
LogPluginManager: Mapping shader source directory ../../../Engine/Plugins/Runtime/Oculus/OculusVR/Shaders to virtual directory /Plugin/OculusVR
LogPluginManager: Mounting plugin PhysXVehicles
LogPluginManager: Mounting plugin ProceduralMeshComponent
LogPluginManager: Mounting plugin RuntimePhysXCooking
LogPluginManager: Mounting plugin SteamVR
LogPluginManager: Mounting plugin WindowsMoviePlayer
LogStreaming: Display: Took  0.076s to configure plugins.
LogModuleManager: Display: Found up-to-date module file ../../../../Git/VRTutorial/VRTutorial/MyProject/Binaries/Win64/UE4Editor-MyProject.dll (API version 3944462).
LogModuleManager: Display: Found up-to-date module file ../../../Engine/Plugins/2D/Paper2D/Binaries/Win64/UE4Editor-Paper2D.dll (API version 3944462).
LogModuleManager: Display: Found up-to-date module file ../../../Engine/Plugins/2D/Paper2D/Binaries/Win64/UE4Editor-Paper2DEditor.dll (API version 3944462).
LogModuleManager: Display: Found up-to-date module file ../../../Engine/Plugins/2D/Paper2D/Binaries/Win64/UE4Editor-PaperSpriteSheetImporter.dll (API version 3944462).
LogModuleManager: Display: Found up-to-date module file ../../../Engine/Plugins/2D/Paper2D/Binaries/Win64/UE4Editor-PaperTiledImporter.dll (API version 3944462).
LogModuleManager: Display: Found up-to-date module file ../../../Engine/Plugins/2D/Paper2D/Binaries/Win64/UE4Editor-SmartSnapping.dll (API version 3944462).
LogModuleManager: Display: Found up-to-date module file ../../../Engine/Plugins/Animation/LiveLink/Binaries/Win64/UE4Editor-LiveLink.dll (API version 3944462).
LogModuleManager: Display: Found up-to-date module file ../../../Engine/Plugins/Animation/LiveLink/Binaries/Win64/UE4Editor-LiveLinkEditor.dll (API version 3944462).
LogModuleManager: Display: Found up-to-date module file ../../../Engine/Plugins/Blendables/LightPropagationVolume/Binaries/Win64/UE4Editor-LightPropagationVolumeRuntime.dll (API version 3944462).
LogModuleManager: Display: Found up-to-date module file ../../../Engine/Plugins/Blendables/LightPropagationVolume/Binaries/Win64/UE4Editor-LightPropagationVolumeEditor.dll (API version 3944462).
LogModuleManager: Display: Found up-to-date module file ../../../Engine/Plugins/Developer/CLionSourceCodeAccess/Binaries/Win64/UE4Editor-CLionSourceCodeAccess.dll (API version 3944462).
LogModuleManager: Display: Found up-to-date module file ../../../Engine/Plugins/Developer/GitSourceControl/Binaries/Win64/UE4Editor-GitSourceControl.dll (API version 3944462).
LogModuleManager: Display: Found up-to-date module file ../../../Engine/Plugins/Developer/PerforceSourceControl/Binaries/Win64/UE4Editor-PerforceSourceControl.dll (API version 3944462).
LogModuleManager: Display: Found up-to-date module file ../../../Engine/Plugins/Developer/SubversionSourceControl/Binaries/Win64/UE4Editor-SubversionSourceControl.dll (API version 3944462).
LogModuleManager: Display: Found up-to-date module file ../../../Engine/Plugins/Developer/UObjectPlugin/Binaries/Win64/UE4Editor-UObjectPlugin.dll (API version 3944462).
LogModuleManager: Display: Found up-to-date module file ../../../Engine/Plugins/Developer/VisualStudioCodeSourceCodeAccess/Binaries/Win64/UE4Editor-VisualStudioCodeSourceCodeAccess.dll (API version 3944462).
LogModuleManager: Display: Found up-to-date module file ../../../Engine/Plugins/Developer/VisualStudioSourceCodeAccess/Binaries/Win64/UE4Editor-VisualStudioSourceCodeAccess.dll (API version 3944462).
LogModuleManager: Display: Found up-to-date module file ../../../Engine/Plugins/Editor/AssetManagerEditor/Binaries/Win64/UE4Editor-AssetManagerEditor.dll (API version 3944462).
LogModuleManager: Display: Found up-to-date module file ../../../Engine/Plugins/Editor/CryptoKeys/Binaries/Win64/UE4Editor-CryptoKeys.dll (API version 3944462).
LogModuleManager: Display: Found up-to-date module file ../../../Engine/Plugins/Editor/CryptoKeys/Binaries/Win64/UE4Editor-CryptoKeysOpenSSL.dll (API version 3944462).
LogModuleManager: Display: Found up-to-date module file ../../../Engine/Plugins/Editor/DataValidation/Binaries/Win64/UE4Editor-DataValidation.dll (API version 3944462).
LogModuleManager: Display: Found up-to-date module file ../../../Engine/Plugins/Editor/FacialAnimation/Binaries/Win64/UE4Editor-FacialAnimation.dll (API version 3944462).
LogModuleManager: Display: Found up-to-date module file ../../../Engine/Plugins/Editor/FacialAnimation/Binaries/Win64/UE4Editor-FacialAnimationEditor.dll (API version 3944462).
LogModuleManager: Display: Found up-to-date module file ../../../Engine/Plugins/Editor/GameplayTagsEditor/Binaries/Win64/UE4Editor-GameplayTagsEditor.dll (API version 3944462).
LogModuleManager: Display: Found up-to-date module file ../../../Engine/Plugins/Editor/MobileLauncherProfileWizard/Binaries/Win64/UE4Editor-MobileLauncherProfileWizard.dll (API version 3944462).
LogModuleManager: Display: Found up-to-date module file ../../../Engine/Plugins/Editor/PluginBrowser/Binaries/Win64/UE4Editor-PluginBrowser.dll (API version 3944462).
LogModuleManager: Display: Found up-to-date module file ../../../Engine/Plugins/Editor/SpeedTreeImporter/Binaries/Win64/UE4Editor-SpeedTreeImporter.dll (API version 3944462).
LogModuleManager: Display: Found up-to-date module file ../../../Engine/Plugins/Enterprise/DatasmithContent/Binaries/Win64/UE4Editor-DatasmithContent.dll (API version 3944462).
LogModuleManager: Display: Found up-to-date module file ../../../Engine/Plugins/Experimental/AlembicImporter/Binaries/Win64/UE4Editor-AlembicImporter.dll (API version 3944462).
LogModuleManager: Display: Found up-to-date module file ../../../Engine/Plugins/Experimental/AlembicImporter/Binaries/Win64/UE4Editor-AlembicLibrary.dll (API version 3944462).
LogModuleManager: Display: Found up-to-date module file ../../../Engine/Plugins/Experimental/CharacterAI/Binaries/Win64/UE4Editor-CharacterAI.dll (API version 3944462).
LogModuleManager: Display: Found up-to-date module file ../../../Engine/Plugins/Experimental/HTML5Networking/Binaries/Win64/UE4Editor-HTML5Networking.dll (API version 3944462).
LogModuleManager: Display: Found up-to-date module file ../../../Engine/Plugins/Media/AndroidMedia/Binaries/Win64/UE4Editor-AndroidMediaEditor.dll (API version 3944462).
LogModuleManager: Display: Found up-to-date module file ../../../Engine/Plugins/Media/AndroidMedia/Binaries/Win64/UE4Editor-AndroidMediaFactory.dll (API version 3944462).
LogModuleManager: Display: Found up-to-date module file ../../../Engine/Plugins/Media/AvfMedia/Binaries/Win64/UE4Editor-AvfMediaEditor.dll (API version 3944462).
LogModuleManager: Display: Found up-to-date module file ../../../Engine/Plugins/Media/AvfMedia/Binaries/Win64/UE4Editor-AvfMediaFactory.dll (API version 3944462).
LogModuleManager: Display: Found up-to-date module file ../../../Engine/Plugins/Media/AvfMedia/Binaries/Win64/UE4Editor-AvfMediaFactory.dll (API version 3944462).
LogModuleManager: Display: Found up-to-date module file ../../../Engine/Plugins/Media/ImgMedia/Binaries/Win64/UE4Editor-ImgMedia.dll (API version 3944462).
LogModuleManager: Display: Found up-to-date module file ../../../Engine/Plugins/Media/ImgMedia/Binaries/Win64/UE4Editor-ImgMediaEditor.dll (API version 3944462).
LogModuleManager: Display: Found up-to-date module file ../../../Engine/Plugins/Media/ImgMedia/Binaries/Win64/UE4Editor-ImgMediaFactory.dll (API version 3944462).
LogModuleManager: Display: Found up-to-date module file ../../../Engine/Plugins/Media/ImgMedia/Binaries/Win64/UE4Editor-ImgMediaFactory.dll (API version 3944462).
LogModuleManager: Display: Found up-to-date module file ../../../Engine/Plugins/Media/ImgMedia/Binaries/Win64/UE4Editor-OpenExrWrapper.dll (API version 3944462).
LogModuleManager: Display: Found up-to-date module file ../../../Engine/Plugins/Media/LinearTimecode/Binaries/Win64/UE4Editor-LinearTimecode.dll (API version 3944462).
LogModuleManager: Display: Found up-to-date module file ../../../Engine/Plugins/Media/MediaCompositing/Binaries/Win64/UE4Editor-MediaCompositing.dll (API version 3944462).
LogModuleManager: Display: Found up-to-date module file ../../../Engine/Plugins/Media/MediaCompositing/Binaries/Win64/UE4Editor-MediaCompositingEditor.dll (API version 3944462).
LogModuleManager: Display: Found up-to-date module file ../../../Engine/Plugins/Media/MediaPlayerEditor/Binaries/Win64/UE4Editor-MediaPlayerEditor.dll (API version 3944462).
LogModuleManager: Display: Found up-to-date module file ../../../Engine/Plugins/Media/WmfMedia/Binaries/Win64/UE4Editor-WmfMedia.dll (API version 3944462).
LogModuleManager: Display: Found up-to-date module file ../../../Engine/Plugins/Media/WmfMedia/Binaries/Win64/UE4Editor-WmfMediaEditor.dll (API version 3944462).
LogModuleManager: Display: Found up-to-date module file ../../../Engine/Plugins/Media/WmfMedia/Binaries/Win64/UE4Editor-WmfMediaFactory.dll (API version 3944462).
LogModuleManager: Display: Found up-to-date module file ../../../Engine/Plugins/Media/WmfMedia/Binaries/Win64/UE4Editor-WmfMediaFactory.dll (API version 3944462).
LogModuleManager: Display: Found up-to-date module file ../../../Engine/Plugins/Messaging/TcpMessaging/Binaries/Win64/UE4Editor-TcpMessaging.dll (API version 3944462).
LogModuleManager: Display: Found up-to-date module file ../../../Engine/Plugins/Messaging/UdpMessaging/Binaries/Win64/UE4Editor-UdpMessaging.dll (API version 3944462).
LogModuleManager: Display: Found up-to-date module file ../../../Engine/Plugins/MovieScene/ActorSequence/Binaries/Win64/UE4Editor-ActorSequence.dll (API version 3944462).
LogModuleManager: Display: Found up-to-date module file ../../../Engine/Plugins/MovieScene/LevelSequenceEditor/Binaries/Win64/UE4Editor-LevelSequenceEditor.dll (API version 3944462).
LogModuleManager: Display: Found up-to-date module file ../../../Engine/Plugins/MovieScene/MatineeToLevelSequence/Binaries/Win64/UE4Editor-MatineeToLevelSequence.dll (API version 3944462).
LogModuleManager: Display: Found up-to-date module file ../../../Engine/Plugins/NetcodeUnitTest/NetcodeUnitTest/Binaries/Win64/UE4Editor-NetcodeUnitTest.dll (API version 3944462).
LogModuleManager: Display: Found up-to-date module file ../../../Engine/Plugins/NetcodeUnitTest/NUTUnrealEngine4/Binaries/Win64/UE4Editor-NUTUnrealEngine4.dll (API version 3944462).
LogModuleManager: Display: Found up-to-date module file ../../../Engine/Plugins/Online/OnlineSubsystem/Binaries/Win64/UE4Editor-OnlineSubsystem.dll (API version 3944462).
LogModuleManager: Display: Found up-to-date module file ../../../Engine/Plugins/Online/OnlineSubsystemNull/Binaries/Win64/UE4Editor-OnlineSubsystemNull.dll (API version 3944462).
LogModuleManager: Display: Found up-to-date module file ../../../Engine/Plugins/Online/OnlineSubsystemUtils/Binaries/Win64/UE4Editor-OnlineSubsystemUtils.dll (API version 3944462).
LogModuleManager: Display: Found up-to-date module file ../../../Engine/Plugins/Online/OnlineSubsystemUtils/Binaries/Win64/UE4Editor-OnlineBlueprintSupport.dll (API version 3944462).
LogModuleManager: Display: Found up-to-date module file ../../../Engine/Plugins/Runtime/AndroidDeviceProfileSelector/Binaries/Win64/UE4Editor-AndroidDeviceProfileSelector.dll (API version 3944462).
LogModuleManager: Display: Found up-to-date module file ../../../Engine/Plugins/Runtime/AndroidPermission/Binaries/Win64/UE4Editor-AndroidPermission.dll (API version 3944462).
LogModuleManager: Display: Found up-to-date module file ../../../Engine/Plugins/Runtime/AppleARKit/Binaries/Win64/UE4Editor-AppleARKit.dll (API version 3944462).
LogModuleManager: Display: Found up-to-date module file ../../../Engine/Plugins/Runtime/ArchVisCharacter/Binaries/Win64/UE4Editor-ArchVisCharacter.dll (API version 3944462).
LogModuleManager: Display: Found up-to-date module file ../../../Engine/Plugins/Runtime/AudioCapture/Binaries/Win64/UE4Editor-AudioCapture.dll (API version 3944462).
LogModuleManager: Display: Found up-to-date module file ../../../Engine/Plugins/Runtime/AudioCapture/Binaries/Win64/UE4Editor-AudioCaptureEditor.dll (API version 3944462).
LogModuleManager: Display: Found up-to-date module file ../../../Engine/Plugins/Runtime/CableComponent/Binaries/Win64/UE4Editor-CableComponent.dll (API version 3944462).
LogModuleManager: Display: Found up-to-date module file ../../../Engine/Plugins/Runtime/CustomMeshComponent/Binaries/Win64/UE4Editor-CustomMeshComponent.dll (API version 3944462).
LogModuleManager: Display: Found up-to-date module file ../../../Engine/Plugins/Runtime/ExampleDeviceProfileSelector/Binaries/Win64/UE4Editor-ExampleDeviceProfileSelector.dll (API version 3944462).
LogModuleManager: Display: Found up-to-date module file ../../../Engine/Plugins/Runtime/ImmediatePhysics/Binaries/Win64/UE4Editor-ImmediatePhysics.dll (API version 3944462).
LogModuleManager: Display: Found up-to-date module file ../../../Engine/Plugins/Runtime/ImmediatePhysics/Binaries/Win64/UE4Editor-ImmediatePhysicsEditor.dll (API version 3944462).
LogModuleManager: Display: Found up-to-date module file ../../../Engine/Plugins/Runtime/LocationServicesBPLibrary/Binaries/Win64/UE4Editor-LocationServicesBPLibrary.dll (API version 3944462).
LogModuleManager: Display: Found up-to-date module file ../../../Engine/Plugins/Runtime/MobilePatchingUtils/Binaries/Win64/UE4Editor-MobilePatchingUtils.dll (API version 3944462).
LogModuleManager: Display: Found up-to-date module file ../../../Engine/Plugins/Runtime/Oculus/OculusVR/Binaries/Win64/UE4Editor-OculusHMD.dll (API version 3944462).
LogModuleManager: Display: Found up-to-date module file ../../../Engine/Plugins/Runtime/Oculus/OculusVR/Binaries/Win64/UE4Editor-OculusInput.dll (API version 3944462).
LogModuleManager: Display: Found up-to-date module file ../../../Engine/Plugins/Runtime/Oculus/OculusVR/Binaries/Win64/UE4Editor-OculusEditor.dll (API version 3944462).
LogModuleManager: Display: Found up-to-date module file ../../../Engine/Plugins/Runtime/PhysXVehicles/Binaries/Win64/UE4Editor-PhysXVehicles.dll (API version 3944462).
LogModuleManager: Display: Found up-to-date module file ../../../Engine/Plugins/Runtime/PhysXVehicles/Binaries/Win64/UE4Editor-PhysXVehiclesEditor.dll (API version 3944462).
LogModuleManager: Display: Found up-to-date module file ../../../Engine/Plugins/Runtime/ProceduralMeshComponent/Binaries/Win64/UE4Editor-ProceduralMeshComponent.dll (API version 3944462).
LogModuleManager: Display: Found up-to-date module file ../../../Engine/Plugins/Runtime/ProceduralMeshComponent/Binaries/Win64/UE4Editor-ProceduralMeshComponentEditor.dll (API version 3944462).
LogModuleManager: Display: Found up-to-date module file ../../../Engine/Plugins/Runtime/RuntimePhysXCooking/Binaries/Win64/UE4Editor-RuntimePhysXCooking.dll (API version 3944462).
LogModuleManager: Display: Found up-to-date module file ../../../Engine/Plugins/Runtime/Steam/SteamVR/Binaries/Win64/UE4Editor-SteamVR.dll (API version 3944462).
LogModuleManager: Display: Found up-to-date module file ../../../Engine/Plugins/Runtime/Steam/SteamVR/Binaries/Win64/UE4Editor-SteamVRController.dll (API version 3944462).
LogModuleManager: Display: Found up-to-date module file ../../../Engine/Plugins/Runtime/WindowsMoviePlayer/Binaries/Win64/UE4Editor-WindowsMoviePlayer.dll (API version 3944462).
LogInit: Using libcurl 7.47.1
LogInit:  - built for x86_64-pc-win32
LogInit:  - supports SSL with OpenSSL/1.0.2g
LogInit:  - supports HTTP deflate (compression) using libz 1.2.8
LogInit:  - other features:
LogInit:      CURL_VERSION_SSL
LogInit:      CURL_VERSION_LIBZ
LogInit:      CURL_VERSION_IPV6
LogInit:      CURL_VERSION_ASYNCHDNS
LogInit:      CURL_VERSION_LARGEFILE
LogInit:      CURL_VERSION_IDN
LogInit:  CurlRequestOptions (configurable via config and command line):
LogInit:  - bVerifyPeer = false  - Libcurl will NOT verify peer certificate
LogInit:  - bUseHttpProxy = false  - Libcurl will NOT use HTTP proxy
LogInit:  - bDontReuseConnections = false  - Libcurl will reuse connections
LogInit:  - CertBundlePath = nullptr  - Libcurl will use whatever was configured at build time.
LogInit:  - MaxHostConnections = 16  - Libcurl will limit the number of connections to a host
LogInit:  - LocalHostAddr = Default
LogInit: WinSock: version 1.1 (2.2), MaxSocks=32767, MaxUdp=65467
LogInit: WinSock: I am 2014-GA-73 (10.1.1.143:0)
LogInit: Build: ++UE4+Release-4.19-CL-3989454
LogInit: Engine Version: 4.19.1-3989454+++UE4+Release-4.19
LogInit: Compatible Engine Version: 4.19.0-3944462+++UE4+Release-4.19
LogInit: Net CL: 3944462
LogDevObjectVersion: Number of dev versions registered: 18
LogDevObjectVersion:   Dev-Blueprints (B0D832E4-1F89-4F0D-ACCF-7EB736FD4AA2): 10
LogDevObjectVersion:   Dev-Build (E1C64328-A22C-4D53-A36C-8E866417BD8C): 0
LogDevObjectVersion:   Dev-Core (375EC13C-06E4-48FB-B500-84F0262A717E): 2
LogDevObjectVersion:   Dev-Editor (E4B068ED-F494-42E9-A231-DA0B2E46BB41): 23
LogDevObjectVersion:   Dev-Framework (CFFC743F-43B0-4480-9391-14DF171D2073): 33
LogDevObjectVersion:   Dev-Mobile (B02B49B5-BB20-44E9-A304-32B752E40360): 2
LogDevObjectVersion:   Dev-Networking (A4E4105C-59A1-49B5-A7C5-40C4547EDFEE): 0
LogDevObjectVersion:   Dev-Online (39C831C9-5AE6-47DC-9A44-9C173E1C8E7C): 0
LogDevObjectVersion:   Dev-Physics (78F01B33-EBEA-4F98-B9B4-84EACCB95AA2): 0
LogDevObjectVersion:   Dev-Platform (6631380F-2D4D-43E0-8009-CF276956A95A): 0
LogDevObjectVersion:   Dev-Rendering (12F88B9F-8875-4AFC-A67C-D90C383ABD29): 25
LogDevObjectVersion:   Dev-Sequencer (7B5AE74C-D270-4C10-A958-57980B212A5A): 6
LogDevObjectVersion:   Dev-VR (D7296918-1DD6-4BDD-9DE2-64A83CC13884): 1
LogDevObjectVersion:   Dev-LoadTimes (C2A15278-BFE7-4AFE-6C17-90FF531DF755): 1
LogDevObjectVersion:   Private-Geometry (6EACA3D4-40EC-4CC1-B786-8BED09428FC5): 2
LogDevObjectVersion:   Dev-AnimPhys (29E575DD-E0A3-4627-9D10-D276232CDCEA): 16
LogDevObjectVersion:   Dev-ReflectionCapture (6B266CEC-1EC7-4B8F-A30B-E4D90942FC07): 1
LogDevObjectVersion:   Dev-Automation (0DF73D61-A23F-47EA-B727-89E90C41499A): 1
LogInit: Compiled (64-bit): Apr  6 2018 12:26:04
LogInit: Compiled with Visual C++: 19.00.24215.01
LogInit: Build Configuration: Development
LogInit: Branch Name: ++UE4+Release-4.19
LogInit: Command Line: -EpicPortal 
LogInit: Base Directory: D:/UE_4.19/Engine/Binaries/Win64/
LogInit: Installed Engine Build: 1
LogStreaming: Display: Took  0.000s to delete old logs.
LogInit: Presizing for max 8388607 objects, including 0 objects not considered by GC, pre-allocating 0 bytes for permanent pool.
LogInit: Object subsystem initialized
[2018.04.25-11.29.57:135][  0]LogInit: Selected Device Profile: [Windows]
[2018.04.25-11.29.57:135][  0]LogInit: Applying CVar settings loaded from the selected device profile: [Windows]
[2018.04.25-11.29.57:148][  0]LogInit: Computer: 2014-GA-73
[2018.04.25-11.29.57:148][  0]LogInit: User: sebastiangsaenger
[2018.04.25-11.29.57:148][  0]LogInit: CPU Page size=4096, Cores=4
[2018.04.25-11.29.57:148][  0]LogInit: High frequency timer resolution =3.319350 MHz
[2018.04.25-11.29.57:148][  0]LogMemory: Memory total: Physical=7.9GB (8GB approx)
[2018.04.25-11.29.57:148][  0]LogMemory: Platform Memory Stats for Windows
[2018.04.25-11.29.57:148][  0]LogMemory: Process Physical Memory: 276.59 MB used, 276.59 MB peak
[2018.04.25-11.29.57:148][  0]LogMemory: Process Virtual Memory: 264.67 MB used, 264.67 MB peak
[2018.04.25-11.29.57:148][  0]LogMemory: Physical Memory: 6327.18 MB used,  1794.43 MB free, 8121.61 MB total
[2018.04.25-11.29.57:148][  0]LogMemory: Virtual Memory: 693.29 MB used,  1794.43 MB free, 134217728.00 MB total
[2018.04.25-11.29.57:164][  0]LogInit: Using OS detected language (de-DE).
[2018.04.25-11.29.57:164][  0]LogInit: Using OS detected locale (de-DE).
[2018.04.25-11.29.57:166][  0]LogTextLocalizationManager: No localization for 'de-DE' exists, so 'en' will be used for the language.
[2018.04.25-11.29.57:565][  0]LogStreaming: Display: Took  0.401s to EndInitTextLocalization.
[2018.04.25-11.29.57:565][  0]LogInit: Setting process to per monitor DPI aware
[2018.04.25-11.29.57:597][  0]LogSlate: New Slate User Created.  User Index 0, Is Virtual User: 0
[2018.04.25-11.29.57:597][  0]LogSlate: Slate User Registered.  User Index 0, Is Virtual User: 0
[2018.04.25-11.29.57:772][  0]LogD3D11RHI: D3D11 adapters:
[2018.04.25-11.29.57:808][  0]LogD3D11RHI:    0. 'NVIDIA GeForce GTX 760' (Feature Level 11_0)
[2018.04.25-11.29.57:808][  0]LogD3D11RHI:       2007/0/4060 MB DedicatedVideo/DedicatedSystem/SharedSystem, Outputs:2, VendorId:0x10de
[2018.04.25-11.29.57:810][  0]LogD3D11RHI:    1. 'Microsoft Basic Render Driver' (Feature Level 11_0)
[2018.04.25-11.29.57:810][  0]LogD3D11RHI:       0/0/4060 MB DedicatedVideo/DedicatedSystem/SharedSystem, Outputs:0, VendorId:0x1414
[2018.04.25-11.29.57:810][  0]LogD3D11RHI: Chosen D3D11 Adapter: 0
[2018.04.25-11.29.57:817][  0]LogD3D11RHI: Creating new Direct3DDevice
[2018.04.25-11.29.57:817][  0]LogD3D11RHI:     GPU DeviceId: 0x1187 (for the marketing name, search the web for "GPU Device Id")
[2018.04.25-11.29.57:817][  0]LogWindows: EnumDisplayDevices:
[2018.04.25-11.29.57:817][  0]LogWindows:    0. 'NVIDIA GeForce GTX 760' (P:1 D:1)
[2018.04.25-11.29.57:817][  0]LogWindows:    1. 'NVIDIA GeForce GTX 760' (P:0 D:1)
[2018.04.25-11.29.57:817][  0]LogWindows:    2. 'NVIDIA GeForce GTX 760' (P:0 D:0)
[2018.04.25-11.29.57:817][  0]LogWindows:    3. 'NVIDIA GeForce GTX 760' (P:0 D:0)
[2018.04.25-11.29.57:817][  0]LogWindows: DebugString: GetVideoDriverDetailsInvalid PrimaryIsNotTheChoosenAdapter GetVideoDriverDetailsInvalid PrimaryIsNotTheChoosenAdapter GetVideoDriverDetailsInvalid PrimaryIsNotTheChoosenAdapter GetVideoDriverDetailsInvalid PrimaryIsNotTheChoosenAdapter FoundDriverCount:0 
[2018.04.25-11.29.57:817][  0]LogD3D11RHI:     Adapter Name: NVIDIA GeForce GTX 760
[2018.04.25-11.29.57:817][  0]LogD3D11RHI:   Driver Version: Unknown (internal:Unknown, unified:Unknown)
[2018.04.25-11.29.57:817][  0]LogD3D11RHI:      Driver Date: Unknown
[2018.04.25-11.29.57:817][  0]LogRHI: Texture pool is 1404 MB (70% of 2007 MB)
[2018.04.25-11.29.57:840][  0]LogD3D11RHI: [Aftermath] Aftermath enabled and primed
[2018.04.25-11.29.57:840][  0]LogD3D11RHI: [Aftermath] Aftermath enabled and primed
[2018.04.25-11.29.57:840][  0]LogD3D11RHI: Async texture creation enabled
[2018.04.25-11.29.57:857][  0]LogD3D11RHI: GPU Timing Frequency: 1000.000000 (Debug: 2 2)
[2018.04.25-11.29.57:859][  0]LogShaderCompilers: Guid format shader working directory is 12 characters bigger than the processId version (../../../../Git/VRTutorial/VRTutorial/MyProject/Intermediate/Shaders/WorkingDirectory/1320/).
[2018.04.25-11.29.57:859][  0]LogShaderCompilers: Cleaned the shader compiler working directory 'C:/Users/sebastian.gsaenger/AppData/Local/Temp/UnrealShaderWorkingDir/46E2C19B4DEEAD8A26812A8F42B386CF/'.
[2018.04.25-11.29.58:305][  0]LogTemp: Display: Loaded TP AllDesktopTargetPlatform
[2018.04.25-11.29.58:316][  0]LogTemp: Display: Loaded TP MacClientTargetPlatform
[2018.04.25-11.29.58:328][  0]LogTemp: Display: Loaded TP MacNoEditorTargetPlatform
[2018.04.25-11.29.58:340][  0]LogTemp: Display: Loaded TP MacServerTargetPlatform
[2018.04.25-11.29.58:352][  0]LogTemp: Display: Loaded TP MacTargetPlatform
[2018.04.25-11.29.58:364][  0]LogTemp: Display: Loaded TP WindowsClientTargetPlatform
[2018.04.25-11.29.58:376][  0]LogTemp: Display: Loaded TP WindowsNoEditorTargetPlatform
[2018.04.25-11.29.58:389][  0]LogTemp: Display: Loaded TP WindowsServerTargetPlatform
[2018.04.25-11.29.58:394][  0]LogTemp: Display: Loaded TP WindowsTargetPlatform
[2018.04.25-11.29.58:407][  0]LogTemp: Display: Loaded TP Android_ASTCTargetPlatform
[2018.04.25-11.29.58:420][  0]LogTemp: Display: Loaded TP Android_ATCTargetPlatform
[2018.04.25-11.29.58:433][  0]LogTemp: Display: Loaded TP Android_DXTTargetPlatform
[2018.04.25-11.29.58:446][  0]LogTemp: Display: Loaded TP Android_ETC1aTargetPlatform
[2018.04.25-11.29.58:459][  0]LogTemp: Display: Loaded TP Android_ETC1TargetPlatform
[2018.04.25-11.29.58:470][  0]LogTemp: Display: Loaded TP Android_ETC2TargetPlatform
[2018.04.25-11.29.58:494][  0]LogTemp: Display: Loaded TP Android_MultiTargetPlatform
[2018.04.25-11.29.58:494][  0]LogTemp: Display: Loaded TP Android_PVRTCTargetPlatform
[2018.04.25-11.29.58:506][  0]LogTemp: Display: Loaded TP AndroidTargetPlatform
[2018.04.25-11.29.58:507][  0]LogTemp: Display: Loaded TP HTML5TargetPlatform
[2018.04.25-11.29.58:547][  0]LogTemp: Display: Loaded TP IOSTargetPlatform
[2018.04.25-11.29.58:561][  0]LogTemp: Display: Loaded TP TVOSTargetPlatform
[2018.04.25-11.29.58:574][  0]LogTemp: Display: Loaded TP LinuxClientTargetPlatform
[2018.04.25-11.29.58:588][  0]LogTemp: Display: Loaded TP LinuxNoEditorTargetPlatform
[2018.04.25-11.29.58:601][  0]LogTemp: Display: Loaded TP LinuxServerTargetPlatform
[2018.04.25-11.29.58:614][  0]LogTemp: Display: Loaded TP LinuxTargetPlatform
[2018.04.25-11.29.58:614][  0]LogTargetPlatformManager: Display: Building Assets For Windows
[2018.04.25-11.29.58:708][  0]LogXGEController: Cannot use XGE Controller as Incredibuild is not installed on this machine.
[2018.04.25-11.29.58:708][  0]LogShaderCompilers: Cannot use XGE Shader Compiler as Incredibuild is not installed on this machine.
[2018.04.25-11.29.58:708][  0]LogShaderCompilers: Display: Using Local Shader Compiler.
[2018.04.25-11.29.59:391][  0]LogDerivedDataCache: Display: Max Cache Size: 512 MB
[2018.04.25-11.29.59:467][  0]LogDerivedDataCache: Loaded boot cache 0.08s 74MB C:/Users/sebastian.gsaenger/AppData/Local/UnrealEngine/4.19/DerivedDataCache/Boot.ddc.
[2018.04.25-11.29.59:467][  0]LogDerivedDataCache: Display: Loaded Boot cache: C:/Users/sebastian.gsaenger/AppData/Local/UnrealEngine/4.19/DerivedDataCache/Boot.ddc
[2018.04.25-11.29.59:467][  0]LogDerivedDataCache: FDerivedDataBackendGraph:  Pak pak cache file ../../../../Git/VRTutorial/VRTutorial/MyProject/DerivedDataCache/DDC.ddp not found, will not use a pak cache.
[2018.04.25-11.29.59:467][  0]LogDerivedDataCache: Unable to find inner node Pak for hierarchical cache Hierarchy.
[2018.04.25-11.29.59:467][  0]LogDerivedDataCache: FDerivedDataBackendGraph:  CompressedPak pak cache file ../../../../Git/VRTutorial/VRTutorial/MyProject/DerivedDataCache/Compressed.ddp not found, will not use a pak cache.
[2018.04.25-11.29.59:467][  0]LogDerivedDataCache: Unable to find inner node CompressedPak for hierarchical cache Hierarchy.
[2018.04.25-11.29.59:483][  0]LogDerivedDataCache: Display: Pak cache opened for reading ../../../Engine/DerivedDataCache/Compressed.ddp.
[2018.04.25-11.29.59:496][  0]LogDerivedDataCache: Using Local data cache path C:/Users/sebastian.gsaenger/AppData/Local/UnrealEngine/Common/DerivedDataCache: Writable
[2018.04.25-11.29.59:507][  0]LogMaterial: Verifying Global Shaders for PCD3D_SM5
[2018.04.25-11.29.59:507][  0]LogSlate: Using Freetype 2.6.0
[2018.04.25-11.29.59:508][  0]LogSlate: SlateFontCache - WITH_FREETYPE: 1, WITH_HARFBUZZ: 1
[2018.04.25-11.29.59:508][  0]LogSlate: SlateFontCache - WITH_FREETYPE: 1, WITH_HARFBUZZ: 1
[2018.04.25-11.29.59:621][  0]LogAssetRegistry: FAssetRegistry took 0.0251 seconds to start up
[2018.04.25-11.29.59:939][  0]LogInit: Selected Device Profile: [Windows]
[2018.04.25-11.30.00:078][  0]LogSimplygon: Simplygon DLL not present - disabling.
[2018.04.25-11.30.00:080][  0]LogMeshReduction: Using SimplygonSwarm for distributed automatic mesh merging
[2018.04.25-11.30.00:080][  0]LogMeshReduction: Using QuadricMeshReduction for automatic static mesh reduction
[2018.04.25-11.30.00:080][  0]LogMeshReduction: No automatic skeletal mesh reduction module available
[2018.04.25-11.30.00:080][  0]LogMeshReduction: No automatic mesh merging module available
[2018.04.25-11.30.00:080][  0]LogMeshMerging: No automatic mesh merging module available
[2018.04.25-11.30.00:104][  0]LogNetVersion: MyProject , NetCL: 3944462, EngineNetVer: 2, GameNetVer: 0 (Checksum: 2475486345)
[2018.04.25-11.30.00:474][  0]LogPackageLocalizationCache: Processed 9 localized package path(s) for 1 prioritized culture(s) in 0.042248 seconds
[2018.04.25-11.30.00:481][  0]LogUObjectArray: 36728 objects as part of root set at end of initial load.
[2018.04.25-11.30.00:481][  0]LogUObjectAllocator: 7314312 out of 0 bytes used by permanent object pool.
[2018.04.25-11.30.00:481][  0]LogUObjectArray: CloseDisregardForGC: 0/0 objects in disregard for GC pool
[2018.04.25-11.30.01:964][  0]LogTcpMessaging: Initializing TcpMessaging bridge
[2018.04.25-11.30.01:997][  0]LogUdpMessaging: Initializing bridge on interface 0.0.0.0:0 to multicast group 230.0.0.1:6666.
[2018.04.25-11.30.02:282][  0]SourceControl: Source control is disabled
[2018.04.25-11.30.02:283][  0]SourceControl: Source control is disabled
[2018.04.25-11.30.02:294][  0]SourceControl: Source control is disabled
[2018.04.25-11.30.02:305][  0]SourceControl: Source control is disabled
[2018.04.25-11.30.02:668][  0]LogAndroidPermission: UAndroidPermissionCallbackProxy::GetInstance
[2018.04.25-11.30.02:770][  0]LogOcInput: OculusInput pre-init called
[2018.04.25-11.30.02:850][  0]LogEngine: Initializing Engine...
[2018.04.25-11.30.02:851][  0]LogHMD: Failed to initialize OpenVR with code 110
[2018.04.25-11.30.02:852][  0]LogStats: UGameplayTagsManager::ConstructGameplayTagTree: Construct from data asset -  0.000 s
[2018.04.25-11.30.02:852][  0]LogStats: UGameplayTagsManager::ConstructGameplayTagTree: GameplayTagTreeChangedEvent.Broadcast -  0.000 s
[2018.04.25-11.30.03:055][  0]LogAIModule: Creating AISystem for world Untitled
[2018.04.25-11.30.03:078][  0]LogInit: XAudio2 using 'Kopfhörer (2- High Definition Audio-Gerät)' : 2 channels at 48 kHz using 16 bits per sample (channel mask 0x3)
[2018.04.25-11.30.03:088][  0]LogInit: FAudioDevice initialized.
[2018.04.25-11.30.03:168][  0]LogDerivedDataCache: Saved boot cache 0.08s 74MB C:/Users/sebastian.gsaenger/AppData/Local/UnrealEngine/4.19/DerivedDataCache/Boot.ddc.
[2018.04.25-11.30.03:183][  0]LogInit: Texture streaming: Enabled
[2018.04.25-11.30.03:196][  0]LogEngineSessionManager: EngineSessionManager initialized
[2018.04.25-11.30.03:211][  0]LogInit: Transaction tracking system initialized
[2018.04.25-11.30.03:230][  0]BlueprintLog: New page: Editor Load
[2018.04.25-11.30.03:332][  0]LocalizationService: Localization service is disabled
[2018.04.25-11.30.03:422][  0]LogConsoleResponse: Display: 
[2018.04.25-11.30.03:546][  0]LogFileCache: Scanning file cache for directory 'D:/Git/VRTutorial/VRTutorial/MyProject/Content/' took 0.01s
[2018.04.25-11.30.03:546][  0]LogCook: Display: Max memory allowance for cook 16384mb min free memory 0mb
[2018.04.25-11.30.03:547][  0]LogCook: Display: Mobile HDR setting 1
[2018.04.25-11.30.03:547][  0]LogGameplayTags: Display: UGameplayTagsManager::DoneAddingNativeTags. DelegateIsBound: 0
[2018.04.25-11.30.03:547][  0]LogStats: UGameplayTagsManager::ConstructGameplayTagTree: Construct from data asset -  0.000 s
[2018.04.25-11.30.03:547][  0]LogStats: UGameplayTagsManager::ConstructGameplayTagTree: GameplayTagTreeChangedEvent.Broadcast -  0.000 s
[2018.04.25-11.30.03:809][  0]SourceControl: Source control is disabled
[2018.04.25-11.30.03:809][  0]Cmd: MAP LOAD FILE="../../../Engine/Content/Maps/Templates/Template_Default.umap" TEMPLATE=1 SHOWPROGRESS=1 FEATURELEVEL=3
[2018.04.25-11.30.03:809][  0]LightingResults: New page: Lighting Build
[2018.04.25-11.30.03:811][  0]MapCheck: New page: Map Check
[2018.04.25-11.30.03:811][  0]LightingResults: New page: Lighting Build
[2018.04.25-11.30.03:998][  0]LogAIModule: Creating AISystem for world Untitled_1
[2018.04.25-11.30.04:004][  0]LogEditorServer: Finished looking for orphan Actors (0.000 secs)
[2018.04.25-11.30.04:016][  0]Cmd: MAP CHECKDEP NOCLEARLOG
[2018.04.25-11.30.04:053][  0]MapCheck: Map check complete: 0 Error(s), 0 Warning(s), took 37,08ms to complete.
[2018.04.25-11.30.04:053][  0]LogFileHelpers: Loading map 'Template_Default' took 0.244
[2018.04.25-11.30.04:121][  0]LogWindowsTextInputMethodSystem: Display: IME system now deactivated.
[2018.04.25-11.30.04:186][  0]LogCollectionManager: Loaded 0 collections in 0.000722 seconds
[2018.04.25-11.30.04:247][  0]LogFileCache: Scanning file cache for directory 'D:/Git/VRTutorial/VRTutorial/MyProject/Saved/Collections/' took 0.01s
[2018.04.25-11.30.04:247][  0]LogFileCache: Scanning file cache for directory 'D:/Git/VRTutorial/VRTutorial/MyProject/Content/Developers/sebastiangsaenger/Collections/' took 0.01s
[2018.04.25-11.30.04:247][  0]LogFileCache: Scanning file cache for directory 'D:/Git/VRTutorial/VRTutorial/MyProject/Content/Collections/' took 0.01s
[2018.04.25-11.30.04:247][  0]LogCollectionManager: Rebuilt the GUID cache for 0 collections in 0.000000 seconds
[2018.04.25-11.30.04:257][  0]LogContentBrowser: Native class hierarchy populated in 0.0095 seconds. Added 2453 classes and 560 folders.
[2018.04.25-11.30.04:261][  0]LogContentBrowser: Native class hierarchy updated for 'WidgetCarousel' in 0.0004 seconds. Added 0 classes and 0 folders.
[2018.04.25-11.30.04:293][  0]LogContentBrowser: Native class hierarchy updated for 'AddContentDialog' in 0.0004 seconds. Added 0 classes and 0 folders.
[2018.04.25-11.30.04:297][  0]LogContentBrowser: Native class hierarchy updated for 'SceneOutliner' in 0.0006 seconds. Added 1 classes and 2 folders.
[2018.04.25-11.30.04:317][  0]LogSlate: Took 0.000222 seconds to synchronously load lazily loaded font '../../../Engine/Content/Slate/Fonts/Roboto-Regular.ttf' (155K)
[2018.04.25-11.30.04:320][  0]LogSlate: Took 0.000180 seconds to synchronously load lazily loaded font '../../../Engine/Content/Slate/Fonts/Roboto-Bold.ttf' (160K)
[2018.04.25-11.30.04:327][  0]LogSlate: Took 0.000205 seconds to synchronously load lazily loaded font '../../../Engine/Content/Editor/Slate/Fonts/FontAwesome.ttf' (139K)
[2018.04.25-11.30.04:418][  0]LogRenderer: Reallocating scene render targets to support 904x456 Format 10 NumSamples 1 (Frame:1).
[2018.04.25-11.30.04:529][  0]LogContentBrowser: Native class hierarchy updated for 'HierarchicalLODOutliner' in 0.0004 seconds. Added 0 classes and 0 folders.
[2018.04.25-11.30.04:529][  0]LogLoad: (Engine Initialization) Total time: 9.50 seconds
[2018.04.25-11.30.04:529][  0]LogLoad: (Engine Initialization) Total Blueprint compile time: 0.00 seconds
[2018.04.25-11.30.04:566][  0]LogContentStreaming: Texture pool size now 1000 MB
[2018.04.25-11.30.04:606][  1]LogAssetRegistry: Asset discovery search completed in 5.0063 seconds
[2018.04.25-11.30.04:608][  1]LogCollectionManager: Rebuilt the object cache for 0 collections in 0.000001 seconds (found 0 objects)
[2018.04.25-11.30.04:608][  1]LogCollectionManager: Fixed up redirectors for 0 collections in 0.000058 seconds (updated 0 objects)
[2018.04.25-11.31.35:257][848]LogSlate: FSceneViewport::OnFocusLost() reason 2
[2018.04.25-11.32.25:165][376]LogTemp: Repeating last play command: Selected Viewport
[2018.04.25-11.32.25:177][376]LogPlayLevel: PlayLevel: No blueprints needed recompiling
[2018.04.25-11.32.25:178][376]PIE: New page: PIE session: Untitled_1 (25.04.2018 15:32:25)
[2018.04.25-11.32.25:178][376]LogPlayLevel: Creating play world package: /Temp/UEDPIE_0_Untitled_1
[2018.04.25-11.32.25:181][376]LogPlayLevel: PIE: StaticDuplicateObject took: (0.003084s)
[2018.04.25-11.32.25:182][376]LogAIModule: Creating AISystem for world Untitled_1
[2018.04.25-11.32.25:182][376]LogPlayLevel: PIE: World Init took: (0.000820s)
[2018.04.25-11.32.25:182][376]LogPlayLevel: PIE: Created PIE world by copying editor world from /Temp/Untitled_1.Untitled_1 to /Temp/UEDPIE_0_Untitled_1.Untitled_1 (0.004103s)
[2018.04.25-11.32.25:199][376]LogInit: XAudio2 using 'Kopfhörer (2- High Definition Audio-Gerät)' : 2 channels at 48 kHz using 16 bits per sample (channel mask 0x3)
[2018.04.25-11.32.25:207][376]LogInit: FAudioDevice initialized.
[2018.04.25-11.32.25:253][376]LogLoad: Game class is 'GameModeBase'
[2018.04.25-11.32.25:255][376]LogWorld: Bringing World /Temp/UEDPIE_0_Untitled_1.Untitled_1 up for play (max tick rate 0) at 2018.04.25-13.32.25
[2018.04.25-11.32.25:255][376]LogWorld: Bringing up level for play took: 0.000823
[2018.04.25-11.32.25:277][376]LogContentBrowser: Native class hierarchy updated for 'MovieSceneCapture' in 0.0005 seconds. Added 11 classes and 0 folders.
[2018.04.25-11.32.25:302][376]PIE: Play in editor start time for /Temp/UEDPIE_0_Untitled_1 -0,493
[2018.04.25-11.33.36:090][607]LogSlate: Took 0.025504 seconds to synchronously load lazily loaded font '../../../Engine/Content/Slate/Fonts/Roboto-Italic.ttf' (157K)
[2018.04.25-11.45.03:114][490]LogSlate: Took 0.012705 seconds to synchronously load lazily loaded font '../../../Engine/Content/Slate/Fonts/Roboto-BoldCondensed.ttf' (158K)
[2018.04.25-11.45.21:742][658]Running D:/UE_4.19/Engine/Binaries/DotNET/UnrealBuildTool.exe MyProject Win64 Development -editorrecompile "D:/Git/VRTutorial/VRTutorial/MyProject/MyProject.uproject" -invalidatemakefilesonly
[2018.04.25-11.45.22:149][658]Invalidating makefiles only in this run.
[2018.04.25-11.45.22:328][658]Candidate modules for hot reload:
[2018.04.25-11.45.22:328][658]  MyProject
[2018.04.25-11.45.22:328][658]Launching UnrealBuildTool... [D:/UE_4.19/Engine/Binaries/DotNET/UnrealBuildTool.exe MyProject -ModuleWithSuffix=MyProject,943 Win64 Development -editorrecompile -canskiplink "D:/Git/VRTutorial/VRTutorial/MyProject/MyProject.uproject" ]
[2018.04.25-11.46.24:688][658]CompilerResultsLog: New page: Compilation - 25.04.2018 15:46:24
[2018.04.25-11.46.24:702][658]CompilerResultsLog: Performing full C++ include scan (hot reloading a new target)
[2018.04.25-11.46.24:702][658]CompilerResultsLog: Using 'git status' to determine working set for adaptive non-unity build.
[2018.04.25-11.46.24:702][658]CompilerResultsLog: Creating makefile for hot reloading MyProject (no existing makefile)
[2018.04.25-11.46.24:702][658]CompilerResultsLog: Compiling game modules for hot reload
[2018.04.25-11.46.24:702][658]CompilerResultsLog: Parsing headers for MyProjectEditor
[2018.04.25-11.46.24:703][658]CompilerResultsLog:   Running UnrealHeaderTool "D:\Git\VRTutorial\VRTutorial\MyProject\MyProject.uproject" "D:\Git\VRTutorial\VRTutorial\MyProject\Intermediate\Build\Win64\MyProjectEditor\Development\MyProjectEditor.uhtmanifest" -LogCmds="loginit warning, logexit warning, logdatabase error" -Unattended -WarningsAsErrors -installed
[2018.04.25-11.46.24:703][658]CompilerResultsLog: Reflection code generated for MyProjectEditor in 10,7624821 seconds
[2018.04.25-11.46.24:703][658]CompilerResultsLog: Performing 5 actions (4 in parallel)
[2018.04.25-11.46.24:703][658]CompilerResultsLog: VRCharacter.gen.cpp
[2018.04.25-11.46.24:703][658]CompilerResultsLog: VRCharacter.cpp
[2018.04.25-11.46.24:703][658]CompilerResultsLog: MyProject.init.gen.cpp
[2018.04.25-11.46.24:703][658]CompilerResultsLog: [4/5] Link UE4Editor-MyProject-943.dll
[2018.04.25-11.46.24:703][658]CompilerResultsLog: [5/5] Link UE4Editor-MyProject-943.lib
[2018.04.25-11.46.24:703][658]CompilerResultsLog:    Bibliothek "D:\Git\VRTutorial\VRTutorial\MyProject\Intermediate\Build\Win64\UE4Editor\Development\UE4Editor-MyProject-943.lib" und Objekt "D:\Git\VRTutorial\VRTutorial\MyProject\Intermediate\Build\Win64\UE4Editor\Development\UE4Editor-MyProject-943.exp" werden erstellt.
[2018.04.25-11.46.24:703][658]CompilerResultsLog:    Bibliothek "D:\Git\VRTutorial\VRTutorial\MyProject\Intermediate\Build\Win64\UE4Editor\Development\UE4Editor-MyProject-943.suppressed.lib" und Objekt "D:\Git\VRTutorial\VRTutorial\MyProject\Intermediate\Build\Win64\UE4Editor\Development\UE4Editor-MyProject-943.suppressed.exp" werden erstellt.
[2018.04.25-11.46.24:703][658]CompilerResultsLog: Total build time: 62,16 seconds (Local executor: 44,71 seconds)
[2018.04.25-11.46.24:703][658]LogMainFrame: MainFrame: Module compiling took 62.439 seconds
[2018.04.25-11.46.24:781][658]LogClass: Could not find existing class VRCharacter in package /Script/MyProject for HotReload, assuming new class
[2018.04.25-11.46.24:793][658]LogContentBrowser: Native class hierarchy updated for 'MyProject' in 0.0005 seconds. Added 2 classes and 2 folders.
[2018.04.25-11.46.24:795][658]Display: HotReload successful (0 functions remapped  0 scriptstructs remapped)
[2018.04.25-11.46.25:069][658]LogContentBrowser: Native class hierarchy populated in 0.0120 seconds. Added 2455 classes and 562 folders.
[2018.04.25-11.46.25:120][658]Display: HotReload took 62.9s.
[2018.04.25-11.46.25:120][658]Warning: HotReload operation took 62.9s.
[2018.04.25-11.46.25:352][658]LogVSAccessor: Warning: Couldn't goto line number '1' in 'D:/Git/VRTutorial/VRTutorial/MyProject/Source/MyProject/VRCharacter.h'
[2018.04.25-11.46.25:473][658]LogSlate: Window 'Add C++ Class' being destroyed
[2018.04.25-11.46.25:800][658]LogSlate: Took 0.026092 seconds to synchronously load lazily loaded font '../../../Engine/Content/Slate/Fonts/Roboto-Light.ttf' (167K)
[2018.04.25-11.46.25:827][659]LogHotReload: New module detected: UE4Editor-MyProject-943.dll
[2018.04.25-11.48.55:698][292]LogSlate: Window 'Create GameMode Blueprint' being destroyed
[2018.04.25-11.48.57:215][292]LogContentBrowser: Native class hierarchy updated for 'BlueprintGraph' in 0.0009 seconds. Added 116 classes and 0 folders.
[2018.04.25-11.48.59:644][293]LogRenderer: Reallocating scene render targets to support 904x720 Format 10 NumSamples 1 (Frame:1).
[2018.04.25-12.09.02:472][925]LogSlate: Window 'VRGameMode*' being destroyed
[2018.04.25-12.09.02:478][925]LogSlate: Window 'VRGameMode*' being destroyed
[2018.04.25-12.09.05:900][929]LogSlate: Window 'Save Content' being destroyed
[2018.04.25-12.09.05:952][929]Cmd: OBJ SAVEPACKAGE PACKAGE="/Game/Blueprints/VRGameMode" FILE="../../../../Git/VRTutorial/VRTutorial/MyProject/Content/Blueprints/VRGameMode.uasset" SILENT=true
[2018.04.25-12.09.06:024][929]LogSavePackage: Save=53.74ms
[2018.04.25-12.09.06:024][929]LogSavePackage: Moving '../../../../Git/VRTutorial/VRTutorial/MyProject/Saved/VRGameModeE5A833944D721C21C4F26999B3FBDBA3.tmp' to '../../../../Git/VRTutorial/VRTutorial/MyProject/Content/Blueprints/VRGameMode.uasset'
[2018.04.25-12.09.06:088][929]LogSavePackage: Display: Finished SavePackage ../../../../Git/VRTutorial/VRTutorial/MyProject/Content/Blueprints/VRGameMode.uasset
[2018.04.25-12.09.06:335][929]LogSlate: Window 'MyProject - Unreal Editor' being destroyed
[2018.04.25-12.09.07:057][930]LogHotReload: Starting Hot-Reload from IDE
[2018.04.25-12.09.07:109][930]LogContentBrowser: Native class hierarchy updated for 'MyProject' in 0.0007 seconds. Added 2 classes and 2 folders.
[2018.04.25-12.09.07:112][930]Display: HotReload successful (0 functions remapped  0 scriptstructs remapped)
[2018.04.25-12.09.07:387][930]LogContentBrowser: Native class hierarchy populated in 0.0171 seconds. Added 2455 classes and 562 folders.
[2018.04.25-12.09.07:392][930]Display: HotReload took  0.3s.
[2018.04.25-12.09.07:392][930]Cmd: QUIT_EDITOR
[2018.04.25-12.09.08:332][930]LogWindowsTextInputMethodSystem: Display: IME system now deactivated.
[2018.04.25-12.09.08:392][930]LogSlate: Slate User Destroyed.  User Index 0, Is Virtual User: 0
[2018.04.25-12.09.08:399][930]LogExit: Preparing to exit.
[2018.04.25-12.09.09:170][930]LogDirectoryWatcher: A directory notification for 'D:/Git/VRTutorial/VRTutorial/MyProject/Content/' was aborted.
[2018.04.25-12.09.09:467][930]LogExit: Editor shut down
[2018.04.25-12.09.09:564][930]LogExit: Transaction tracking system shut down
[2018.04.25-12.09.09:823][930]LogDirectoryWatcher: A directory notification for '../../../Engine/Content/' was aborted.
[2018.04.25-12.09.09:823][930]LogDirectoryWatcher: A directory notification for '../../../../Git/VRTutorial/VRTutorial/MyProject/Content/' was aborted.
[2018.04.25-12.09.09:823][930]LogDirectoryWatcher: A directory notification for '../../Plugins/2D/Paper2D/Content/' was aborted.
[2018.04.25-12.09.09:823][930]LogDirectoryWatcher: A directory notification for '../../Plugins/Enterprise/DatasmithContent/Content/' was aborted.
[2018.04.25-12.09.09:823][930]LogDirectoryWatcher: A directory notification for '../../Plugins/Media/MediaCompositing/Content/' was aborted.
[2018.04.25-12.09.09:823][930]LogDirectoryWatcher: A directory notification for '../../Plugins/Runtime/AppleARKit/Content/' was aborted.
[2018.04.25-12.09.09:823][930]LogDirectoryWatcher: A directory notification for '../../Plugins/Runtime/Oculus/OculusVR/Content/' was aborted.
[2018.04.25-12.09.09:823][930]LogDirectoryWatcher: A directory notification for '../../Plugins/Runtime/Steam/SteamVR/Content/' was aborted.
[2018.04.25-12.09.11:076][930]LogExit: Object subsystem successfully closed.
[2018.04.25-12.09.11:253][930]LogShaderCompilers: Display: Shaders left to compile 0
[2018.04.25-12.09.11:286][930]LogD3D11RHI: Shutdown
[2018.04.25-12.09.11:287][930]LogD3D11RHI: CleanupD3DDevice
[2018.04.25-12.09.11:319][930]LogD3D11RHI: ~FD3D11DynamicRHI
[2018.04.25-12.09.12:118][930]LogModuleManager: Shutting down and abandoning module MyProject (584)
[2018.04.25-12.09.12:118][930]LogModuleManager: Shutting down and abandoning module BlueprintGraph (583)
[2018.04.25-12.09.12:118][930]LogModuleManager: Shutting down and abandoning module MovieSceneCapture (580)
[2018.04.25-12.09.12:118][930]LogModuleManager: Shutting down and abandoning module HierarchicalLODOutliner (578)
[2018.04.25-12.09.12:119][930]LogModuleManager: Shutting down and abandoning module DesktopPlatform (576)
[2018.04.25-12.09.12:119][930]LogModuleManager: Shutting down and abandoning module SceneOutliner (574)
[2018.04.25-12.09.12:119][930]LogModuleManager: Shutting down and abandoning module AddContentDialog (572)
[2018.04.25-12.09.12:126][930]LogDirectoryWatcher: A directory notification for 'D:/UE_4.19/FeaturePacks/' was aborted.
[2018.04.25-12.09.12:153][930]LogModuleManager: Shutting down and abandoning module WidgetCarousel (571)
[2018.04.25-12.09.12:154][930]LogModuleManager: Shutting down and abandoning module EditorWidgets (568)
[2018.04.25-12.09.12:154][930]LogModuleManager: Shutting down and abandoning module CollectionManager (566)
[2018.04.25-12.09.12:162][930]LogDirectoryWatcher: A directory notification for 'D:/Git/VRTutorial/VRTutorial/MyProject/Content/Collections/' was aborted.
[2018.04.25-12.09.12:162][930]LogDirectoryWatcher: A directory notification for 'D:/Git/VRTutorial/VRTutorial/MyProject/Content/Developers/sebastiangsaenger/Collections/' was aborted.
[2018.04.25-12.09.12:162][930]LogDirectoryWatcher: A directory notification for 'D:/Git/VRTutorial/VRTutorial/MyProject/Saved/Collections/' was aborted.
[2018.04.25-12.09.12:163][930]LogModuleManager: Shutting down and abandoning module HierarchicalLODUtilities (564)
[2018.04.25-12.09.12:172][930]LogModuleManager: Shutting down and abandoning module StatsViewer (562)
[2018.04.25-12.09.12:183][930]LogModuleManager: Shutting down and abandoning module FoliageEdit (560)
[2018.04.25-12.09.12:183][930]LogModuleManager: Shutting down and abandoning module LandscapeEditor (558)
[2018.04.25-12.09.12:193][930]LogModuleManager: Shutting down and abandoning module MeshPaintMode (556)
[2018.04.25-12.09.12:205][930]LogModuleManager: Shutting down and abandoning module SceneDepthPickerMode (554)
[2018.04.25-12.09.12:205][930]LogModuleManager: Shutting down and abandoning module ActorPickerMode (552)
[2018.04.25-12.09.12:205][930]LogModuleManager: Shutting down and abandoning module GeometryMode (550)
[2018.04.25-12.09.12:216][930]LogModuleManager: Shutting down and abandoning module TextureAlignMode (548)
[2018.04.25-12.09.12:216][930]LogModuleManager: Shutting down and abandoning module BspMode (546)
[2018.04.25-12.09.12:216][930]LogModuleManager: Shutting down and abandoning module PIEPreviewDeviceProfileSelector (544)
[2018.04.25-12.09.12:217][930]LogModuleManager: Shutting down and abandoning module HardwareSurvey (542)
[2018.04.25-12.09.12:217][930]LogModuleManager: Shutting down and abandoning module SequenceRecorderSections (540)
[2018.04.25-12.09.12:224][930]LogModuleManager: Shutting down and abandoning module AutomationWorker (538)
[2018.04.25-12.09.12:224][930]LogModuleManager: Shutting down and abandoning module AudioCaptureEditor (536)
[2018.04.25-12.09.12:225][930]LogModuleManager: Shutting down and abandoning module SequenceRecorder (535)
[2018.04.25-12.09.12:234][930]LogModuleManager: Shutting down and abandoning module MatineeToLevelSequence (532)
[2018.04.25-12.09.12:242][930]LogModuleManager: Shutting down and abandoning module LevelSequenceEditor (530)
[2018.04.25-12.09.12:261][930]LogModuleManager: Shutting down and abandoning module PlacementMode (529)
[2018.04.25-12.09.12:261][930]LogModuleManager: Shutting down and abandoning module MaterialEditor (528)
[2018.04.25-12.09.12:272][930]LogModuleManager: Shutting down and abandoning module WmfMediaFactory (524)
[2018.04.25-12.09.12:272][930]LogModuleManager: Shutting down and abandoning module WmfMediaEditor (522)
[2018.04.25-12.09.12:272][930]LogModuleManager: Shutting down and abandoning module MediaPlayerEditor (520)
[2018.04.25-12.09.12:294][930]LogModuleManager: Shutting down and abandoning module OpenExrWrapper (518)
[2018.04.25-12.09.12:294][930]LogModuleManager: Shutting down and abandoning module ImgMediaFactory (516)
[2018.04.25-12.09.12:294][930]LogModuleManager: Shutting down and abandoning module ImgMediaEditor (514)
[2018.04.25-12.09.12:295][930]LogModuleManager: Shutting down and abandoning module AvfMediaFactory (512)
[2018.04.25-12.09.12:295][930]LogModuleManager: Shutting down and abandoning module AvfMediaEditor (510)
[2018.04.25-12.09.12:295][930]LogModuleManager: Shutting down and abandoning module AndroidMediaFactory (508)
[2018.04.25-12.09.12:295][930]LogModuleManager: Shutting down and abandoning module AndroidMediaEditor (506)
[2018.04.25-12.09.12:295][930]LogModuleManager: Shutting down and abandoning module CharacterAI (504)
[2018.04.25-12.09.12:295][930]LogModuleManager: Shutting down and abandoning module SmartSnapping (502)
[2018.04.25-12.09.12:295][930]LogModuleManager: Shutting down and abandoning module SessionServices (500)
[2018.04.25-12.09.12:295][930]LogModuleManager: Shutting down and abandoning module ViewportSnapping (498)
[2018.04.25-12.09.12:295][930]LogModuleManager: Shutting down and abandoning module ViewportInteraction (496)
[2018.04.25-12.09.12:295][930]LogModuleManager: Shutting down and abandoning module ClothPainter (494)
[2018.04.25-12.09.12:302][930]LogModuleManager: Shutting down and abandoning module SkeletalMeshEditor (493)
[2018.04.25-12.09.12:321][930]LogModuleManager: Shutting down and abandoning module LogVisualizer (490)
[2018.04.25-12.09.12:338][930]LogModuleManager: Shutting down and abandoning module IntroTutorials (488)
[2018.04.25-12.09.12:375][930]LogModuleManager: Shutting down and abandoning module GameProjectGeneration (487)
[2018.04.25-12.09.12:375][930]LogModuleManager: Shutting down and abandoning module IOSPlatformEditor (484)
[2018.04.25-12.09.12:384][930]LogModuleManager: Shutting down and abandoning module HTML5PlatformEditor (482)
[2018.04.25-12.09.12:384][930]LogModuleManager: Shutting down and abandoning module AndroidPlatformEditor (480)
[2018.04.25-12.09.12:384][930]LogModuleManager: Shutting down and abandoning module AndroidDeviceDetection (479)
[2018.04.25-12.09.13:072][930]LogModuleManager: Shutting down and abandoning module WindowsPlatformEditor (476)
[2018.04.25-12.09.13:073][930]LogModuleManager: Shutting down and abandoning module IOSRuntimeSettings (474)
[2018.04.25-12.09.13:073][930]LogModuleManager: Shutting down and abandoning module AndroidRuntimeSettings (472)
[2018.04.25-12.09.13:073][930]LogModuleManager: Shutting down and abandoning module InputBindingEditor (470)
[2018.04.25-12.09.13:090][930]LogModuleManager: Shutting down and abandoning module MergeActors (468)
[2018.04.25-12.09.13:100][930]LogModuleManager: Shutting down and abandoning module LocalizationDashboard (466)
[2018.04.25-12.09.13:113][930]LogModuleManager: Shutting down and abandoning module LocalizationService (465)
[2018.04.25-12.09.13:125][930]LogModuleManager: Shutting down and abandoning module HardwareTargeting (462)
[2018.04.25-12.09.13:126][930]LogModuleManager: Shutting down and abandoning module DeviceProfileEditor (460)
[2018.04.25-12.09.13:133][930]LogModuleManager: Shutting down and abandoning module UndoHistory (458)
[2018.04.25-12.09.13:134][930]LogModuleManager: Shutting down and abandoning module XmlParser (456)
[2018.04.25-12.09.13:144][930]LogModuleManager: Shutting down and abandoning module Blutility (454)
[2018.04.25-12.09.13:144][930]LogModuleManager: Shutting down and abandoning module ProjectSettingsViewer (452)
[2018.04.25-12.09.13:145][930]LogModuleManager: Shutting down and abandoning module ProjectTargetPlatformEditor (451)
[2018.04.25-12.09.13:146][930]LogModuleManager: Shutting down and abandoning module EditorSettingsViewer (448)
[2018.04.25-12.09.13:146][930]LogModuleManager: Shutting down and abandoning module SettingsEditor (446)
[2018.04.25-12.09.13:154][930]LogModuleManager: Shutting down and abandoning module ProjectLauncher (444)
[2018.04.25-12.09.13:166][930]LogModuleManager: Shutting down and abandoning module SessionFrontend (442)
[2018.04.25-12.09.13:172][930]LogModuleManager: Shutting down and abandoning module ProfilerClient (440)
[2018.04.25-12.09.13:178][930]LogModuleManager: Shutting down and abandoning module DeviceManager (438)
[2018.04.25-12.09.13:188][930]LogModuleManager: Shutting down and abandoning module TargetDeviceServices (437)
[2018.04.25-12.09.13:250][930]LogModuleManager: Shutting down and abandoning module AutomationController (434)
[2018.04.25-12.09.13:257][930]LogModuleManager: Shutting down and abandoning module AutomationWindow (432)
[2018.04.25-12.09.13:275][930]LogModuleManager: Shutting down and abandoning module Layers (430)
[2018.04.25-12.09.13:283][930]LogModuleManager: Shutting down and abandoning module ComponentVisualizers (428)
[2018.04.25-12.09.13:283][930]LogModuleManager: Shutting down and abandoning module DetailCustomizations (426)
[2018.04.25-12.09.13:297][930]LogModuleManager: Shutting down and abandoning module PackagesDialog (424)
[2018.04.25-12.09.13:298][930]LogModuleManager: Shutting down and abandoning module Persona (422)
[2018.04.25-12.09.13:327][930]LogModuleManager: Shutting down and abandoning module AdvancedPreviewScene (421)
[2018.04.25-12.09.13:327][930]LogModuleManager: Shutting down and abandoning module AnimGraph (419)
[2018.04.25-12.09.13:327][930]LogModuleManager: Shutting down and abandoning module Kismet (416)
[2018.04.25-12.09.13:344][930]LogModuleManager: Shutting down and abandoning module GraphEditor (414)
[2018.04.25-12.09.13:345][930]LogModuleManager: Shutting down and abandoning module ClassViewer (412)
[2018.04.25-12.09.13:348][930]LogModuleManager: Shutting down and abandoning module Toolbox (410)
[2018.04.25-12.09.13:348][930]LogModuleManager: Shutting down and abandoning module ModuleUI (408)
[2018.04.25-12.09.13:355][930]LogModuleManager: Shutting down and abandoning module MovieSceneTools (406)
[2018.04.25-12.09.13:370][930]LogModuleManager: Shutting down and abandoning module OutputLog (404)
[2018.04.25-12.09.13:379][930]LogModuleManager: Shutting down and abandoning module GammaUI (402)
[2018.04.25-12.09.13:389][930]LogModuleManager: Shutting down and abandoning module Documentation (400)
[2018.04.25-12.09.13:389][930]LogModuleManager: Shutting down and abandoning module MovieSceneTracks (398)
[2018.04.25-12.09.13:389][930]LogModuleManager: Shutting down and abandoning module MovieScene (396)
[2018.04.25-12.09.13:389][930]LogModuleManager: Shutting down and abandoning module StreamingPauseRendering (394)
[2018.04.25-12.09.13:389][930]LogModuleManager: Shutting down and abandoning module LauncherPlatform (392)
[2018.04.25-12.09.13:389][930]LogModuleManager: Shutting down and abandoning module AnalyticsET (390)
[2018.04.25-12.09.13:390][930]LogModuleManager: Shutting down and abandoning module PortalServices (388)
[2018.04.25-12.09.13:390][930]LogModuleManager: Shutting down and abandoning module PortalRpc (386)
[2018.04.25-12.09.13:390][930]LogModuleManager: Shutting down and abandoning module MessagingRpc (384)
[2018.04.25-12.09.13:390][930]LogModuleManager: Shutting down and abandoning module AIModule (382)
[2018.04.25-12.09.13:390][930]LogModuleManager: Shutting down and abandoning module GameplayDebugger (381)
[2018.04.25-12.09.13:390][930]LogModuleManager: Shutting down and abandoning module AITestSuite (379)
[2018.04.25-12.09.13:395][930]LogModuleManager: Shutting down and abandoning module ProfilerService (376)
[2018.04.25-12.09.13:527][930]LogModuleManager: Shutting down and abandoning module TaskGraph (374)
[2018.04.25-12.09.13:546][930]LogModuleManager: Shutting down and abandoning module SteamVRController (372)
[2018.04.25-12.09.13:546][930]LogModuleManager: Shutting down and abandoning module ProceduralMeshComponentEditor (370)
[2018.04.25-12.09.13:546][930]LogModuleManager: Shutting down and abandoning module ProceduralMeshComponent (368)
[2018.04.25-12.09.13:558][930]LogModuleManager: Shutting down and abandoning module OculusInput (366)
[2018.04.25-12.09.13:565][930]LogModuleManager: Shutting down and abandoning module MobilePatchingUtils (364)
[2018.04.25-12.09.13:565][930]LogModuleManager: Shutting down and abandoning module CustomMeshComponent (362)
[2018.04.25-12.09.13:565][930]LogModuleManager: Shutting down and abandoning module CableComponent (360)
[2018.04.25-12.09.13:574][930]LogModuleManager: Shutting down and abandoning module AudioCapture (358)
[2018.04.25-12.09.13:574][930]LogModuleManager: Shutting down and abandoning module ArchVisCharacter (356)
[2018.04.25-12.09.13:575][930]LogModuleManager: Shutting down and abandoning module AndroidPermission (354)
[2018.04.25-12.09.13:575][930]LogModuleManager: Shutting down and abandoning module NUTUnrealEngine4 (350)
[2018.04.25-12.09.13:575][930]LogModuleManager: Shutting down and abandoning module NetcodeUnitTest (348)
[2018.04.25-12.09.13:590][930]LogModuleManager: Shutting down and abandoning module MediaCompositingEditor (346)
[2018.04.25-12.09.13:590][930]LogModuleManager: Shutting down and abandoning module MediaCompositing (344)
[2018.04.25-12.09.13:590][930]LogModuleManager: Shutting down and abandoning module LinearTimecode (342)
[2018.04.25-12.09.13:590][930]LogModuleManager: Shutting down and abandoning module ImgMedia (340)
[2018.04.25-12.09.13:606][930]LogModuleManager: Shutting down and abandoning module HTML5Networking (338)
[2018.04.25-12.09.13:606][930]LogModuleManager: Shutting down and abandoning module AlembicImporter (336)
[2018.04.25-12.09.13:614][930]LogModuleManager: Shutting down and abandoning module AlembicLibrary (335)
[2018.04.25-12.09.13:614][930]LogModuleManager: Shutting down and abandoning module GeometryCache (334)
[2018.04.25-12.09.13:614][930]LogModuleManager: Shutting down and abandoning module GeometryCacheEd (333)
[2018.04.25-12.09.13:614][930]LogModuleManager: Shutting down and abandoning module DatasmithContent (328)
[2018.04.25-12.09.13:614][930]LogModuleManager: Shutting down and abandoning module SpeedTreeImporter (326)
[2018.04.25-12.09.13:614][930]LogModuleManager: Shutting down and abandoning module PluginBrowser (324)
[2018.04.25-12.09.13:635][930]LogModuleManager: Shutting down and abandoning module MobileLauncherProfileWizard (322)
[2018.04.25-12.09.13:643][930]LogModuleManager: Shutting down and abandoning module CryptoKeysOpenSSL (320)
[2018.04.25-12.09.13:645][930]LogModuleManager: Shutting down and abandoning module CryptoKeys (318)
[2018.04.25-12.09.13:645][930]LogModuleManager: Shutting down and abandoning module VisualStudioSourceCodeAccess (316)
[2018.04.25-12.09.13:645][930]LogModuleManager: Shutting down and abandoning module VisualStudioCodeSourceCodeAccess (314)
[2018.04.25-12.09.13:645][930]LogModuleManager: Shutting down and abandoning module UObjectPlugin (312)
[2018.04.25-12.09.13:645][930]LogModuleManager: Shutting down and abandoning module SubversionSourceControl (310)
[2018.04.25-12.09.13:653][930]LogModuleManager: Shutting down and abandoning module PerforceSourceControl (308)
[2018.04.25-12.09.13:659][930]LogModuleManager: Shutting down and abandoning module GitSourceControl (306)
[2018.04.25-12.09.13:663][930]LogModuleManager: Shutting down and abandoning module SourceControl (305)
[2018.04.25-12.09.13:674][930]LogModuleManager: Shutting down and abandoning module CLionSourceCodeAccess (302)
[2018.04.25-12.09.13:694][930]LogModuleManager: Shutting down and abandoning module LightPropagationVolumeEditor (300)
[2018.04.25-12.09.13:694][930]LogModuleManager: Shutting down and abandoning module PaperTiledImporter (298)
[2018.04.25-12.09.13:694][930]LogModuleManager: Shutting down and abandoning module PaperSpriteSheetImporter (296)
[2018.04.25-12.09.13:694][930]LogModuleManager: Shutting down and abandoning module Paper2DEditor (294)
[2018.04.25-12.09.13:716][930]LogModuleManager: Shutting down and abandoning module MeshPaint (293)
[2018.04.25-12.09.13:725][930]LogModuleManager: Shutting down and abandoning module RuntimePhysXCooking (288)
[2018.04.25-12.09.13:725][930]LogModuleManager: Shutting down and abandoning module PhysXVehiclesEditor (286)
[2018.04.25-12.09.13:725][930]LogModuleManager: Shutting down and abandoning module PhysXVehicles (284)
[2018.04.25-12.09.13:725][930]LogModuleManager: Shutting down and abandoning module OculusEditor (282)
[2018.04.25-12.09.13:725][930]LogModuleManager: Shutting down and abandoning module LocationServicesBPLibrary (280)
[2018.04.25-12.09.13:725][930]LogModuleManager: Shutting down and abandoning module ImmediatePhysicsEditor (278)
[2018.04.25-12.09.13:725][930]LogModuleManager: Shutting down and abandoning module ImmediatePhysics (276)
[2018.04.25-12.09.13:738][930]LogModuleManager: Shutting down and abandoning module ActorSequence (274)
[2018.04.25-12.09.13:738][930]LogModuleManager: Shutting down and abandoning module UdpMessaging (272)
[2018.04.25-12.09.13:852][930]LogModuleManager: Shutting down and abandoning module TcpMessaging (270)
[2018.04.25-12.09.13:965][930]LogModuleManager: Shutting down and abandoning module GameplayTagsEditor (268)
[2018.04.25-12.09.13:974][930]LogModuleManager: Shutting down and abandoning module FacialAnimationEditor (266)
[2018.04.25-12.09.13:974][930]LogModuleManager: Shutting down and abandoning module FacialAnimation (264)
[2018.04.25-12.09.13:974][930]LogModuleManager: Shutting down and abandoning module DataValidation (262)
[2018.04.25-12.09.13:984][930]LogModuleManager: Shutting down and abandoning module AssetManagerEditor (260)
[2018.04.25-12.09.13:996][930]LogModuleManager: Shutting down and abandoning module LevelEditor (259)
[2018.04.25-12.09.14:008][930]LogModuleManager: Shutting down and abandoning module PixelInspectorModule (258)
[2018.04.25-12.09.14:021][930]LogModuleManager: Shutting down and abandoning module CommonMenuExtensions (256)
[2018.04.25-12.09.14:022][930]LogModuleManager: Shutting down and abandoning module MainFrame (254)
[2018.04.25-12.09.14:022][930]LogModuleManager: Shutting down and abandoning module HotReload (253)
[2018.04.25-12.09.14:022][930]LogDirectoryWatcher: A directory notification for 'D:/Git/VRTutorial/VRTutorial/MyProject/Binaries/Win64' was aborted.
[2018.04.25-12.09.14:036][930]LogModuleManager: Shutting down and abandoning module ContentBrowser (249)
[2018.04.25-12.09.14:040][930]LogModuleManager: Shutting down and abandoning module TreeMap (247)
[2018.04.25-12.09.14:052][930]LogModuleManager: Shutting down and abandoning module LightPropagationVolumeRuntime (244)
[2018.04.25-12.09.14:053][930]LogModuleManager: Shutting down and abandoning module LiveLinkEditor (242)
[2018.04.25-12.09.14:054][930]LogModuleManager: Shutting down and abandoning module LiveLink (240)
[2018.04.25-12.09.14:440][930]LogModuleManager: Shutting down and abandoning module Paper2D (238)
[2018.04.25-12.09.14:453][930]LogModuleManager: Shutting down and abandoning module WindowsMoviePlayer (236)
[2018.04.25-12.09.14:466][930]LogModuleManager: Shutting down and abandoning module WmfMedia (234)
[2018.04.25-12.09.14:479][930]LogModuleManager: Shutting down and abandoning module Media (233)
[2018.04.25-12.09.14:485][930]LogModuleManager: Shutting down and abandoning module PacketHandler (230)
[2018.04.25-12.09.14:486][930]LogModuleManager: Shutting down and abandoning module ClothingSystemEditor (228)
[2018.04.25-12.09.14:486][930]LogModuleManager: Shutting down and abandoning module ClothingSystemRuntime (226)
[2018.04.25-12.09.14:496][930]LogModuleManager: Shutting down and abandoning module MediaAssets (224)
[2018.04.25-12.09.14:496][930]LogModuleManager: Shutting down and abandoning module Overlay (222)
[2018.04.25-12.09.14:496][930]LogModuleManager: Shutting down and abandoning module OverlayEditor (221)
[2018.04.25-12.09.14:496][930]LogModuleManager: Shutting down and abandoning module VREditor (218)
[2018.04.25-12.09.14:516][930]LogModuleManager: Shutting down and abandoning module StringTableEditor (216)
[2018.04.25-12.09.14:516][930]LogModuleManager: Shutting down and abandoning module GameplayTasksEditor (214)
[2018.04.25-12.09.14:516][930]LogModuleManager: Shutting down and abandoning module BehaviorTreeEditor (212)
[2018.04.25-12.09.14:536][930]LogModuleManager: Shutting down and abandoning module FunctionalTesting (210)
[2018.04.25-12.09.14:544][930]LogModuleManager: Shutting down and abandoning module CollisionAnalyzer (208)
[2018.04.25-12.09.14:561][930]LogModuleManager: Shutting down and abandoning module WorkspaceMenuStructure (207)
[2018.04.25-12.09.14:561][930]LogModuleManager: Shutting down and abandoning module UMG (204)
[2018.04.25-12.09.14:563][930]LogModuleManager: Shutting down and abandoning module UMGEditor (203)
[2018.04.25-12.09.14:582][930]LogModuleManager: Shutting down and abandoning module Sequencer (202)
[2018.04.25-12.09.14:600][930]LogModuleManager: Shutting down and abandoning module MessageLog (199)
[2018.04.25-12.09.14:600][930]LogModuleManager: Shutting down and abandoning module SlateReflector (194)
[2018.04.25-12.09.14:620][930]LogModuleManager: Shutting down and abandoning module Slate (192)
[2018.04.25-12.09.14:620][930]LogModuleManager: Shutting down and abandoning module EditorStyle (190)
[2018.04.25-12.09.14:629][930]LogModuleManager: Shutting down and abandoning module MRMesh (188)
[2018.04.25-12.09.14:629][930]LogModuleManager: Shutting down and abandoning module SourceCodeAccess (186)
[2018.04.25-12.09.14:629][930]LogModuleManager: Shutting down and abandoning module HeadMountedDisplay (184)
[2018.04.25-12.09.14:629][930]LogModuleManager: Shutting down and abandoning module XAudio2 (182)
[2018.04.25-12.09.14:629][930]LogModuleManager: Shutting down and abandoning module Networking (180)
[2018.04.25-12.09.14:630][930]LogModuleManager: Shutting down and abandoning module Core (178)
[2018.04.25-12.09.14:630][930]LogModuleManager: Shutting down and abandoning module LevelSequence (176)
[2018.04.25-12.09.14:630][930]LogModuleManager: Shutting down and abandoning module KismetCompiler (174)
[2018.04.25-12.09.14:630][930]LogModuleManager: Shutting down and abandoning module MeshUtilities (172)
[2018.04.25-12.09.14:641][930]LogModuleManager: Shutting down and abandoning module MeshMergeUtilities (171)
[2018.04.25-12.09.14:641][930]LogModuleManager: Shutting down and abandoning module MeshReductionInterface (170)
[2018.04.25-12.09.14:641][930]LogModuleManager: Shutting down and abandoning module SimplygonSwarm (169)
[2018.04.25-12.09.14:648][930]LogModuleManager: Shutting down and abandoning module SimplygonMeshReduction (167)
[2018.04.25-12.09.14:656][930]LogModuleManager: Shutting down and abandoning module QuadricMeshReduction (165)
[2018.04.25-12.09.14:660][930]LogModuleManager: Shutting down and abandoning module MaterialBaking (161)
[2018.04.25-12.09.14:666][930]LogModuleManager: Shutting down and abandoning module DirectoryWatcher (157)
[2018.04.25-12.09.14:701][930]LogModuleManager: Shutting down and abandoning module DerivedDataCache (154)
[2018.04.25-12.09.14:774][930]LogDerivedDataCache: Shutdown
[2018.04.25-12.09.14:774][930]LogModuleManager: Shutting down and abandoning module XGEController (152)
[2018.04.25-12.09.14:775][930]LogModuleManager: Shutting down and abandoning module TargetPlatform (150)
[2018.04.25-12.09.14:775][930]LogModuleManager: Shutting down and abandoning module VulkanShaderFormat (149)
[2018.04.25-12.09.14:786][930]LogModuleManager: Shutting down and abandoning module ShaderFormatVectorVM (147)
[2018.04.25-12.09.14:793][930]LogModuleManager: Shutting down and abandoning module ShaderFormatOpenGL (145)
[2018.04.25-12.09.14:800][930]LogModuleManager: Shutting down and abandoning module ShaderFormatD3D (143)
[2018.04.25-12.09.14:801][930]LogModuleManager: Shutting down and abandoning module MetalShaderFormat (141)
[2018.04.25-12.09.14:818][930]LogModuleManager: Shutting down and abandoning module TextureFormatUncompressed (139)
[2018.04.25-12.09.14:818][930]LogModuleManager: Shutting down and abandoning module TextureFormatPVR (137)
[2018.04.25-12.09.14:818][930]LogModuleManager: Shutting down and abandoning module TextureFormatDXT (135)
[2018.04.25-12.09.14:825][930]LogModuleManager: Shutting down and abandoning module TextureFormatIntelISPCTexComp (133)
[2018.04.25-12.09.14:827][930]LogModuleManager: Shutting down and abandoning module TextureFormatASTC (131)
[2018.04.25-12.09.14:827][930]LogModuleManager: Shutting down and abandoning module ImageWrapper (130)
[2018.04.25-12.09.14:827][930]LogModuleManager: Shutting down and abandoning module TextureFormatAndroid (127)
[2018.04.25-12.09.14:827][930]LogModuleManager: Shutting down and abandoning module AudioFormatOpus (125)
[2018.04.25-12.09.14:827][930]LogModuleManager: Shutting down and abandoning module AudioFormatOgg (123)
[2018.04.25-12.09.14:827][930]LogModuleManager: Shutting down and abandoning module AudioFormatADPCM (121)
[2018.04.25-12.09.14:827][930]LogModuleManager: Shutting down and abandoning module LinuxTargetPlatform (119)
[2018.04.25-12.09.14:828][930]LogModuleManager: Shutting down and abandoning module LinuxServerTargetPlatform (117)
[2018.04.25-12.09.14:828][930]LogModuleManager: Shutting down and abandoning module LinuxNoEditorTargetPlatform (115)
[2018.04.25-12.09.14:828][930]LogModuleManager: Shutting down and abandoning module LinuxClientTargetPlatform (113)
[2018.04.25-12.09.14:828][930]LogModuleManager: Shutting down and abandoning module TVOSTargetPlatform (111)
[2018.04.25-12.09.14:828][930]LogModuleManager: Shutting down and abandoning module Messaging (109)
[2018.04.25-12.09.14:828][930]LogModuleManager: Shutting down and abandoning module IOSTargetPlatform (107)
[2018.04.25-12.09.14:828][930]LogModuleManager: Shutting down and abandoning module HTML5TargetPlatform (105)
[2018.04.25-12.09.14:828][930]LogModuleManager: Shutting down and abandoning module AndroidTargetPlatform (103)
[2018.04.25-12.09.14:828][930]LogModuleManager: Shutting down and abandoning module Android_PVRTCTargetPlatform (101)
[2018.04.25-12.09.14:828][930]LogModuleManager: Shutting down and abandoning module Android_MultiTargetPlatform (99)
[2018.04.25-12.09.14:829][930]LogModuleManager: Shutting down and abandoning module Android_ETC2TargetPlatform (97)
[2018.04.25-12.09.14:829][930]LogModuleManager: Shutting down and abandoning module Android_ETC1TargetPlatform (95)
[2018.04.25-12.09.14:829][930]LogModuleManager: Shutting down and abandoning module Android_ETC1aTargetPlatform (93)
[2018.04.25-12.09.14:829][930]LogModuleManager: Shutting down and abandoning module Android_DXTTargetPlatform (91)
[2018.04.25-12.09.14:829][930]LogModuleManager: Shutting down and abandoning module Android_ATCTargetPlatform (89)
[2018.04.25-12.09.14:829][930]LogModuleManager: Shutting down and abandoning module Android_ASTCTargetPlatform (87)
[2018.04.25-12.09.14:829][930]LogModuleManager: Shutting down and abandoning module WindowsTargetPlatform (85)
[2018.04.25-12.09.14:829][930]LogModuleManager: Shutting down and abandoning module WindowsServerTargetPlatform (83)
[2018.04.25-12.09.14:829][930]LogModuleManager: Shutting down and abandoning module WindowsNoEditorTargetPlatform (81)
[2018.04.25-12.09.14:829][930]LogModuleManager: Shutting down and abandoning module WindowsClientTargetPlatform (79)
[2018.04.25-12.09.14:830][930]LogModuleManager: Shutting down and abandoning module MacTargetPlatform (77)
[2018.04.25-12.09.14:830][930]LogModuleManager: Shutting down and abandoning module MacServerTargetPlatform (75)
[2018.04.25-12.09.14:830][930]LogModuleManager: Shutting down and abandoning module MacNoEditorTargetPlatform (73)
[2018.04.25-12.09.14:830][930]LogModuleManager: Shutting down and abandoning module MacClientTargetPlatform (71)
[2018.04.25-12.09.14:830][930]LogModuleManager: Shutting down and abandoning module AllDesktopTargetPlatform (69)
[2018.04.25-12.09.14:830][930]LogModuleManager: Shutting down and abandoning module InputCore (66)
[2018.04.25-12.09.14:830][930]LogModuleManager: Shutting down and abandoning module Settings (64)
[2018.04.25-12.09.14:830][930]LogModuleManager: Shutting down and abandoning module PhysXCooking (62)
[2018.04.25-12.09.14:831][930]LogModuleManager: Shutting down and abandoning module SteamVR (60)
[2018.04.25-12.09.14:831][930]LogModuleManager: Shutting down and abandoning module OculusHMD (58)
[2018.04.25-12.09.14:845][930]LogModuleManager: Shutting down and abandoning module ExampleDeviceProfileSelector (56)
[2018.04.25-12.09.14:845][930]LogModuleManager: Shutting down and abandoning module AppleARKit (54)
[2018.04.25-12.09.14:845][930]LogModuleManager: Shutting down and abandoning module AugmentedReality (51)
[2018.04.25-12.09.14:845][930]LogModuleManager: Shutting down and abandoning module OnlineBlueprintSupport (48)
[2018.04.25-12.09.14:845][930]LogModuleManager: Shutting down and abandoning module OnlineSubsystem (44)
[2018.04.25-12.09.14:863][930]LogModuleManager: Shutting down and abandoning module XMPP (43)
[2018.04.25-12.09.14:885][930]LogModuleManager: Shutting down and abandoning module HTTP (41)
[2018.04.25-12.09.14:903][930]LogHttp: Display: Http module shutting down, but needs to wait on 1 outstanding Http requests:
[2018.04.25-12.09.14:903][930]LogHttp: Display: 	verb=[POST] url=[https://datarouter.ol.epicgames.com/datarouter/api/v1/public/data?SessionID=%7B950D0A27-47C4-9368-CD39-638BEFE4ADE6%7D&AppID=UEEditor.Rocket.Release&AppVersion=4.19.1-3989454%2B%2B%2BUE4%2BRelease-4.19&UserID=408624124eb4e97a08d1e4beabb5d578%7Cfcc3d5bdd68f4c4a8a7af038e05d5bbc%7C2e8cdee8-d57c-464c-b06f-832a96f1c8cc&AppEnvironment=datacollector-binary&UploadType=eteventstream] status=Processing
[2018.04.25-12.09.14:939][930]LogModuleManager: Shutting down and abandoning module SSL (40)
[2018.04.25-12.09.14:944][930]LogModuleManager: Shutting down and abandoning module AnimationModifiers (36)
[2018.04.25-12.09.14:958][930]LogModuleManager: Shutting down and abandoning module PropertyEditor (35)
[2018.04.25-12.09.14:970][930]LogModuleManager: Shutting down and abandoning module AudioEditor (32)
[2018.04.25-12.09.14:986][930]LogModuleManager: Shutting down and abandoning module TextureCompressor (30)
[2018.04.25-12.09.14:996][930]LogModuleManager: Shutting down and abandoning module ShaderCore (28)
[2018.04.25-12.09.14:996][930]LogModuleManager: Shutting down and abandoning module Landscape (26)
[2018.04.25-12.09.14:996][930]LogModuleManager: Shutting down and abandoning module SlateRHIRenderer (24)
[2018.04.25-12.09.15:013][930]LogModuleManager: Shutting down and abandoning module OpenGLDrv (22)
[2018.04.25-12.09.15:030][930]LogModuleManager: Shutting down and abandoning module D3D11RHI (20)
[2018.04.25-12.09.15:030][930]LogModuleManager: Shutting down and abandoning module AnimGraphRuntime (18)
[2018.04.25-12.09.15:043][930]LogModuleManager: Shutting down and abandoning module Renderer (16)
[2018.04.25-12.09.15:043][930]LogModuleManager: Shutting down and abandoning module Engine (14)
[2018.04.25-12.09.15:043][930]LogModuleManager: Shutting down and abandoning module CoreUObject (12)
[2018.04.25-12.09.15:043][930]LogModuleManager: Shutting down and abandoning module NetworkFile (10)
[2018.04.25-12.09.15:052][930]LogModuleManager: Shutting down and abandoning module CookedIterativeFile (8)
[2018.04.25-12.09.15:052][930]LogModuleManager: Shutting down and abandoning module StreamingFile (6)
[2018.04.25-12.09.15:060][930]LogModuleManager: Shutting down and abandoning module SandboxFile (4)
[2018.04.25-12.09.15:067][930]LogModuleManager: Shutting down and abandoning module PakFile (2)
[2018.04.25-12.09.15:111][930]LogExit: Exiting.
[2018.04.25-12.09.15:174][930]Log file closed, 04/25/18 14:09:15
